Sat, 09 May 2015 21:27:37 GMT morgan deprecated undefined format: specify a format at server.js:8:9
Sat, 09 May 2015 21:27:37 GMT morgan deprecated default format: use combined format at server.js:8:9
listening on *:3000
---------------------------------
{ _readableState: 
   { objectMode: false,
     highWaterMark: 16384,
     buffer: [],
     length: 0,
     pipes: null,
     pipesCount: 0,
     flowing: null,
     ended: false,
     endEmitted: false,
     reading: false,
     sync: true,
     needReadable: false,
     emittedReadable: false,
     readableListening: false,
     defaultEncoding: 'utf8',
     ranOut: false,
     awaitDrain: 0,
     readingMore: false,
     decoder: null,
     encoding: null },
  readable: true,
  domain: null,
  _events: {},
  _maxListeners: undefined,
  socket: 
   { _connecting: false,
     _hadError: false,
     _handle: 
      { fd: 11,
        reading: true,
        owner: [Circular],
        onread: [Function: onread],
        onconnection: null,
        writeQueueSize: 0 },
     _host: null,
     _readableState: 
      { objectMode: false,
        highWaterMark: 16384,
        buffer: [],
        length: 0,
        pipes: null,
        pipesCount: 0,
        flowing: true,
        ended: false,
        endEmitted: false,
        reading: false,
        sync: false,
        needReadable: true,
        emittedReadable: false,
        readableListening: false,
        defaultEncoding: 'utf8',
        ranOut: false,
        awaitDrain: 0,
        readingMore: false,
        decoder: null,
        encoding: null,
        resumeScheduled: false },
     readable: true,
     domain: null,
     _events: 
      { end: [Object],
        finish: [Function: onSocketFinish],
        _socketEnd: [Function: onSocketEnd],
        drain: [Object],
        timeout: [Function],
        error: [Object],
        close: [Object],
        data: [Function: socketOnData] },
     _maxListeners: undefined,
     _writableState: 
      { objectMode: false,
        highWaterMark: 16384,
        needDrain: false,
        ending: false,
        ended: false,
        finished: false,
        decodeStrings: false,
        defaultEncoding: 'utf8',
        length: 0,
        writing: false,
        corked: 0,
        sync: true,
        bufferProcessing: false,
        onwrite: [Function],
        writecb: null,
        writelen: 0,
        bufferedRequest: null,
        lastBufferedRequest: null,
        pendingcb: 0,
        prefinished: false,
        errorEmitted: false },
     writable: true,
     allowHalfOpen: true,
     destroyed: false,
     bytesRead: 475,
     _bytesDispatched: 0,
     _pendingData: null,
     _pendingEncoding: '',
     server: 
      { domain: null,
        _events: [Object],
        _maxListeners: undefined,
        _connections: 1,
        _handle: [Object],
        _usingSlaves: false,
        _slaves: [],
        allowHalfOpen: true,
        pauseOnConnect: false,
        httpAllowHalfOpen: false,
        timeout: 120000,
        _connectionKey: '4:null:3000' },
     _idleTimeout: 120000,
     _idleNext: { _idleNext: [Circular], _idlePrev: [Circular] },
     _idlePrev: { _idleNext: [Circular], _idlePrev: [Circular] },
     _idleStart: 7747511,
     parser: 
      { '0': [Function: parserOnHeaders],
        '1': [Function: parserOnHeadersComplete],
        '2': [Function: parserOnBody],
        '3': [Function: parserOnMessageComplete],
        _headers: [],
        _url: '',
        socket: [Circular],
        incoming: [Circular],
        maxHeaderPairs: 2000,
        onIncoming: [Function: parserOnIncoming] },
     _paused: false,
     read: [Function],
     _consuming: true,
     _httpMessage: 
      { domain: null,
        _events: [Object],
        _maxListeners: undefined,
        output: [],
        outputEncodings: [],
        outputCallbacks: [],
        writable: true,
        _last: false,
        chunkedEncoding: false,
        shouldKeepAlive: true,
        useChunkedEncodingByDefault: true,
        sendDate: true,
        _removedHeader: {},
        _hasBody: true,
        _trailer: '',
        finished: false,
        _hangupClose: false,
        _headerSent: false,
        socket: [Circular],
        connection: [Circular],
        _header: null,
        _headers: [Object],
        _headerNames: [Object],
        req: [Circular],
        locals: {},
        __onFinished: [Object] },
     _peername: { address: '::ffff:127.0.0.1', family: 'IPv6', port: 32925 } },
  connection: 
   { _connecting: false,
     _hadError: false,
     _handle: 
      { fd: 11,
        reading: true,
        owner: [Circular],
        onread: [Function: onread],
        onconnection: null,
        writeQueueSize: 0 },
     _host: null,
     _readableState: 
      { objectMode: false,
        highWaterMark: 16384,
        buffer: [],
        length: 0,
        pipes: null,
        pipesCount: 0,
        flowing: true,
        ended: false,
        endEmitted: false,
        reading: false,
        sync: false,
        needReadable: true,
        emittedReadable: false,
        readableListening: false,
        defaultEncoding: 'utf8',
        ranOut: false,
        awaitDrain: 0,
        readingMore: false,
        decoder: null,
        encoding: null,
        resumeScheduled: false },
     readable: true,
     domain: null,
     _events: 
      { end: [Object],
        finish: [Function: onSocketFinish],
        _socketEnd: [Function: onSocketEnd],
        drain: [Object],
        timeout: [Function],
        error: [Object],
        close: [Object],
        data: [Function: socketOnData] },
     _maxListeners: undefined,
     _writableState: 
      { objectMode: false,
        highWaterMark: 16384,
        needDrain: false,
        ending: false,
        ended: false,
        finished: false,
        decodeStrings: false,
        defaultEncoding: 'utf8',
        length: 0,
        writing: false,
        corked: 0,
        sync: true,
        bufferProcessing: false,
        onwrite: [Function],
        writecb: null,
        writelen: 0,
        bufferedRequest: null,
        lastBufferedRequest: null,
        pendingcb: 0,
        prefinished: false,
        errorEmitted: false },
     writable: true,
     allowHalfOpen: true,
     destroyed: false,
     bytesRead: 475,
     _bytesDispatched: 0,
     _pendingData: null,
     _pendingEncoding: '',
     server: 
      { domain: null,
        _events: [Object],
        _maxListeners: undefined,
        _connections: 1,
        _handle: [Object],
        _usingSlaves: false,
        _slaves: [],
        allowHalfOpen: true,
        pauseOnConnect: false,
        httpAllowHalfOpen: false,
        timeout: 120000,
        _connectionKey: '4:null:3000' },
     _idleTimeout: 120000,
     _idleNext: { _idleNext: [Circular], _idlePrev: [Circular] },
     _idlePrev: { _idleNext: [Circular], _idlePrev: [Circular] },
     _idleStart: 7747511,
     parser: 
      { '0': [Function: parserOnHeaders],
        '1': [Function: parserOnHeadersComplete],
        '2': [Function: parserOnBody],
        '3': [Function: parserOnMessageComplete],
        _headers: [],
        _url: '',
        socket: [Circular],
        incoming: [Circular],
        maxHeaderPairs: 2000,
        onIncoming: [Function: parserOnIncoming] },
     _paused: false,
     read: [Function],
     _consuming: true,
     _httpMessage: 
      { domain: null,
        _events: [Object],
        _maxListeners: undefined,
        output: [],
        outputEncodings: [],
        outputCallbacks: [],
        writable: true,
        _last: false,
        chunkedEncoding: false,
        shouldKeepAlive: true,
        useChunkedEncodingByDefault: true,
        sendDate: true,
        _removedHeader: {},
        _hasBody: true,
        _trailer: '',
        finished: false,
        _hangupClose: false,
        _headerSent: false,
        socket: [Circular],
        connection: [Circular],
        _header: null,
        _headers: [Object],
        _headerNames: [Object],
        req: [Circular],
        locals: {},
        __onFinished: [Object] },
     _peername: { address: '::ffff:127.0.0.1', family: 'IPv6', port: 32925 } },
  httpVersionMajor: 1,
  httpVersionMinor: 1,
  httpVersion: '1.1',
  complete: false,
  headers: 
   { host: 'localhost:3000',
     connection: 'keep-alive',
     'content-length': '18',
     'cache-control': 'no-cache',
     origin: 'chrome-extension://fdmmgilgnpjigdojojpjoooidkmcomcm',
     'user-agent': 'Mozilla/5.0 (X11; Linux x86_64) AppleWebKit/537.36 (KHTML, like Gecko) Chrome/42.0.2311.135 Safari/537.36',
     'content-type': 'text/plain;charset=UTF-8',
     accept: '*/*',
     'accept-encoding': 'gzip, deflate',
     'accept-language': 'en-US,en;q=0.8',
     cookie: '_ga=GA1.1.2042009915.1429503315' },
  rawHeaders: 
   [ 'Host',
     'localhost:3000',
     'Connection',
     'keep-alive',
     'Content-Length',
     '18',
     'Cache-Control',
     'no-cache',
     'Origin',
     'chrome-extension://fdmmgilgnpjigdojojpjoooidkmcomcm',
     'User-Agent',
     'Mozilla/5.0 (X11; Linux x86_64) AppleWebKit/537.36 (KHTML, like Gecko) Chrome/42.0.2311.135 Safari/537.36',
     'Content-Type',
     'text/plain;charset=UTF-8',
     'Accept',
     '*/*',
     'Accept-Encoding',
     'gzip, deflate',
     'Accept-Language',
     'en-US,en;q=0.8',
     'Cookie',
     '_ga=GA1.1.2042009915.1429503315' ],
  trailers: {},
  rawTrailers: [],
  _pendings: [],
  _pendingIndex: 0,
  upgrade: false,
  url: '/putevent',
  method: 'POST',
  statusCode: null,
  statusMessage: null,
  client: 
   { _connecting: false,
     _hadError: false,
     _handle: 
      { fd: 11,
        reading: true,
        owner: [Circular],
        onread: [Function: onread],
        onconnection: null,
        writeQueueSize: 0 },
     _host: null,
     _readableState: 
      { objectMode: false,
        highWaterMark: 16384,
        buffer: [],
        length: 0,
        pipes: null,
        pipesCount: 0,
        flowing: true,
        ended: false,
        endEmitted: false,
        reading: false,
        sync: false,
        needReadable: true,
        emittedReadable: false,
        readableListening: false,
        defaultEncoding: 'utf8',
        ranOut: false,
        awaitDrain: 0,
        readingMore: false,
        decoder: null,
        encoding: null,
        resumeScheduled: false },
     readable: true,
     domain: null,
     _events: 
      { end: [Object],
        finish: [Function: onSocketFinish],
        _socketEnd: [Function: onSocketEnd],
        drain: [Object],
        timeout: [Function],
        error: [Object],
        close: [Object],
        data: [Function: socketOnData] },
     _maxListeners: undefined,
     _writableState: 
      { objectMode: false,
        highWaterMark: 16384,
        needDrain: false,
        ending: false,
        ended: false,
        finished: false,
        decodeStrings: false,
        defaultEncoding: 'utf8',
        length: 0,
        writing: false,
        corked: 0,
        sync: true,
        bufferProcessing: false,
        onwrite: [Function],
        writecb: null,
        writelen: 0,
        bufferedRequest: null,
        lastBufferedRequest: null,
        pendingcb: 0,
        prefinished: false,
        errorEmitted: false },
     writable: true,
     allowHalfOpen: true,
     destroyed: false,
     bytesRead: 475,
     _bytesDispatched: 0,
     _pendingData: null,
     _pendingEncoding: '',
     server: 
      { domain: null,
        _events: [Object],
        _maxListeners: undefined,
        _connections: 1,
        _handle: [Object],
        _usingSlaves: false,
        _slaves: [],
        allowHalfOpen: true,
        pauseOnConnect: false,
        httpAllowHalfOpen: false,
        timeout: 120000,
        _connectionKey: '4:null:3000' },
     _idleTimeout: 120000,
     _idleNext: { _idleNext: [Circular], _idlePrev: [Circular] },
     _idlePrev: { _idleNext: [Circular], _idlePrev: [Circular] },
     _idleStart: 7747511,
     parser: 
      { '0': [Function: parserOnHeaders],
        '1': [Function: parserOnHeadersComplete],
        '2': [Function: parserOnBody],
        '3': [Function: parserOnMessageComplete],
        _headers: [],
        _url: '',
        socket: [Circular],
        incoming: [Circular],
        maxHeaderPairs: 2000,
        onIncoming: [Function: parserOnIncoming] },
     _paused: false,
     read: [Function],
     _consuming: true,
     _httpMessage: 
      { domain: null,
        _events: [Object],
        _maxListeners: undefined,
        output: [],
        outputEncodings: [],
        outputCallbacks: [],
        writable: true,
        _last: false,
        chunkedEncoding: false,
        shouldKeepAlive: true,
        useChunkedEncodingByDefault: true,
        sendDate: true,
        _removedHeader: {},
        _hasBody: true,
        _trailer: '',
        finished: false,
        _hangupClose: false,
        _headerSent: false,
        socket: [Circular],
        connection: [Circular],
        _header: null,
        _headers: [Object],
        _headerNames: [Object],
        req: [Circular],
        locals: {},
        __onFinished: [Object] },
     _peername: { address: '::ffff:127.0.0.1', family: 'IPv6', port: 32925 } },
  _consuming: false,
  _dumped: false,
  next: [Function: next],
  baseUrl: '',
  originalUrl: '/putevent',
  _parsedUrl: 
   { protocol: null,
     slashes: null,
     auth: null,
     host: null,
     port: null,
     hostname: null,
     hash: null,
     search: null,
     query: null,
     pathname: '/putevent',
     path: '/putevent',
     href: '/putevent',
     _raw: '/putevent' },
  params: {},
  query: {},
  res: 
   { domain: null,
     _events: 
      { prefinish: [Function: resOnFinish],
        end: [Function: onevent],
        finish: [Function: onevent] },
     _maxListeners: undefined,
     output: [],
     outputEncodings: [],
     outputCallbacks: [],
     writable: true,
     _last: false,
     chunkedEncoding: false,
     shouldKeepAlive: true,
     useChunkedEncodingByDefault: true,
     sendDate: true,
     _removedHeader: {},
     _hasBody: true,
     _trailer: '',
     finished: false,
     _hangupClose: false,
     _headerSent: false,
     socket: 
      { _connecting: false,
        _hadError: false,
        _handle: [Object],
        _host: null,
        _readableState: [Object],
        readable: true,
        domain: null,
        _events: [Object],
        _maxListeners: undefined,
        _writableState: [Object],
        writable: true,
        allowHalfOpen: true,
        destroyed: false,
        bytesRead: 475,
        _bytesDispatched: 0,
        _pendingData: null,
        _pendingEncoding: '',
        server: [Object],
        _idleTimeout: 120000,
        _idleNext: [Object],
        _idlePrev: [Object],
        _idleStart: 7747511,
        parser: [Object],
        _paused: false,
        read: [Function],
        _consuming: true,
        _httpMessage: [Circular],
        _peername: [Object] },
     connection: 
      { _connecting: false,
        _hadError: false,
        _handle: [Object],
        _host: null,
        _readableState: [Object],
        readable: true,
        domain: null,
        _events: [Object],
        _maxListeners: undefined,
        _writableState: [Object],
        writable: true,
        allowHalfOpen: true,
        destroyed: false,
        bytesRead: 475,
        _bytesDispatched: 0,
        _pendingData: null,
        _pendingEncoding: '',
        server: [Object],
        _idleTimeout: 120000,
        _idleNext: [Object],
        _idlePrev: [Object],
        _idleStart: 7747511,
        parser: [Object],
        _paused: false,
        read: [Function],
        _consuming: true,
        _httpMessage: [Circular],
        _peername: [Object] },
     _header: null,
     _headers: { 'x-powered-by': 'Express' },
     _headerNames: { 'x-powered-by': 'X-Powered-By' },
     req: [Circular],
     locals: {},
     __onFinished: { [Function: listener] queue: [Object] } },
  _startAt: [ 7747, 518681902 ],
  _startTime: Sat May 09 2015 17:27:53 GMT-0400 (EDT),
  _remoteAddress: '::ffff:127.0.0.1',
  body: {},
  route: 
   { path: '/putevent',
     stack: [ [Object] ],
     methods: { post: true } } }
---------------------------------
{}
---------------------------------
{}
